

Started GET "/" for 127.0.0.1 at 2014-04-11 11:47:31 -0700
Processing by Rails::WelcomeController#index as HTML
  Rendered /root/.rbenv/versions/2.0.0-p451/lib/ruby/gems/2.0.0/gems/railties-4.0.2/lib/rails/templates/rails/welcome/index.html.erb (3.5ms)
Completed 200 OK in 24ms (Views: 23.0ms | ActiveRecord: 0.0ms)


Started GET "/static_pages" for 127.0.0.1 at 2014-04-11 11:47:40 -0700

ActionController::RoutingError (No route matches [GET] "/static_pages"):
  actionpack (4.0.2) lib/action_dispatch/middleware/debug_exceptions.rb:21:in `call'
  actionpack (4.0.2) lib/action_dispatch/middleware/show_exceptions.rb:30:in `call'
  railties (4.0.2) lib/rails/rack/logger.rb:38:in `call_app'
  railties (4.0.2) lib/rails/rack/logger.rb:20:in `block in call'
  activesupport (4.0.2) lib/active_support/tagged_logging.rb:67:in `block in tagged'
  activesupport (4.0.2) lib/active_support/tagged_logging.rb:25:in `tagged'
  activesupport (4.0.2) lib/active_support/tagged_logging.rb:67:in `tagged'
  railties (4.0.2) lib/rails/rack/logger.rb:20:in `call'
  actionpack (4.0.2) lib/action_dispatch/middleware/request_id.rb:21:in `call'
  rack (1.5.2) lib/rack/methodoverride.rb:21:in `call'
  rack (1.5.2) lib/rack/runtime.rb:17:in `call'
  activesupport (4.0.2) lib/active_support/cache/strategy/local_cache.rb:83:in `call'
  rack (1.5.2) lib/rack/lock.rb:17:in `call'
  actionpack (4.0.2) lib/action_dispatch/middleware/static.rb:64:in `call'
  rack (1.5.2) lib/rack/sendfile.rb:112:in `call'
  railties (4.0.2) lib/rails/engine.rb:511:in `call'
  railties (4.0.2) lib/rails/application.rb:97:in `call'
  rack (1.5.2) lib/rack/lock.rb:17:in `call'
  rack (1.5.2) lib/rack/content_length.rb:14:in `call'
  rack (1.5.2) lib/rack/handler/webrick.rb:60:in `service'
  /root/.rbenv/versions/2.0.0-p451/lib/ruby/2.0.0/webrick/httpserver.rb:138:in `service'
  /root/.rbenv/versions/2.0.0-p451/lib/ruby/2.0.0/webrick/httpserver.rb:94:in `run'
  /root/.rbenv/versions/2.0.0-p451/lib/ruby/2.0.0/webrick/server.rb:295:in `block in start_thread'


  Rendered /root/.rbenv/versions/2.0.0-p451/lib/ruby/gems/2.0.0/gems/actionpack-4.0.2/lib/action_dispatch/middleware/templates/rescues/_trace.erb (1.2ms)
  Rendered /root/.rbenv/versions/2.0.0-p451/lib/ruby/gems/2.0.0/gems/actionpack-4.0.2/lib/action_dispatch/middleware/templates/routes/_route.html.erb (1.0ms)
  Rendered /root/.rbenv/versions/2.0.0-p451/lib/ruby/gems/2.0.0/gems/actionpack-4.0.2/lib/action_dispatch/middleware/templates/routes/_table.html.erb (12.9ms)
  Rendered /root/.rbenv/versions/2.0.0-p451/lib/ruby/gems/2.0.0/gems/actionpack-4.0.2/lib/action_dispatch/middleware/templates/rescues/routing_error.erb within rescues/layout (40.2ms)


Started GET "/static_pages/about" for 127.0.0.1 at 2014-04-11 11:48:13 -0700
Processing by StaticPagesController#about as HTML
  Rendered static_pages/about.html.erb within layouts/application (0.5ms)
Completed 200 OK in 403ms (Views: 402.3ms | ActiveRecord: 0.0ms)


Started GET "/assets/application.css?body=1" for 127.0.0.1 at 2014-04-11 11:48:14 -0700


Started GET "/assets/jquery.js?body=1" for 127.0.0.1 at 2014-04-11 11:48:14 -0700


Started GET "/assets/jquery_ujs.js?body=1" for 127.0.0.1 at 2014-04-11 11:48:14 -0700


Started GET "/assets/turbolinks.js?body=1" for 127.0.0.1 at 2014-04-11 11:48:14 -0700


Started GET "/assets/static_pages.css?body=1" for 127.0.0.1 at 2014-04-11 11:48:14 -0700


Started GET "/assets/static_pages.js?body=1" for 127.0.0.1 at 2014-04-11 11:48:14 -0700


Started GET "/assets/application.js?body=1" for 127.0.0.1 at 2014-04-11 11:48:14 -0700


Started GET "/static_pages/help" for 127.0.0.1 at 2014-04-12 05:32:33 -0700
Processing by StaticPagesController#help as HTML
  Rendered static_pages/help.html.erb (3.2ms)
Completed 200 OK in 48ms (Views: 47.5ms | ActiveRecord: 0.0ms)


Started GET "/static_pages/home" for 127.0.0.1 at 2014-04-12 05:33:01 -0700
Processing by StaticPagesController#home as HTML
  Rendered static_pages/home.html.erb (0.9ms)
Completed 200 OK in 31ms (Views: 30.4ms | ActiveRecord: 0.0ms)


Started GET "/static_pages/about" for 127.0.0.1 at 2014-04-12 05:33:13 -0700
Processing by StaticPagesController#about as HTML
  Rendered static_pages/about.html.erb (0.7ms)
Completed 200 OK in 28ms (Views: 27.7ms | ActiveRecord: 0.0ms)
